<?xml version="1.0" encoding="UTF-8"?>
<!-- Generated by org.testng.reporters.JUnitReportReporter -->
<testsuite hostname="DESKTOP-8DVMVCJ" failures="0" tests="5" name="New_package.Test_1" time="0.118" errors="0" timestamp="2020-10-25T16:33:52 IST" skipped="0">
  <testcase classname="New_package.Test_1" name="streamMap" time="0.025"/>
  <system-out/>
  <testcase classname="New_package.Test_1" name="streamCollection" time="0.017"/>
  <system-out/>
  <testcase classname="New_package.Test_1" name="demo" time="0.020"/>
  <system-out/>
  <testcase classname="New_package.Test_1" name="stream" time="0.035"/>
  <system-out/>
  <testcase classname="New_package.Test_1" name="stream10" time="0.021"/>
  <system-out/>
</testsuite> <!-- New_package.Test_1 -->
