<?xml version="1.0" encoding="UTF-8"?>
<!-- Generated by org.testng.reporters.JUnitReportReporter -->
<testsuite hostname="DESKTOP-8DVMVCJ" failures="0" tests="4" name="New_package.Test_1" time="0.476" errors="0" timestamp="2020-10-21T11:59:16 IST" skipped="0">
  <testcase classname="New_package.Test_1" name="streamCollection" time="0.166"/>
  <system-out/>
  <testcase classname="New_package.Test_1" name="stream" time="0.091"/>
  <system-out/>
  <testcase classname="New_package.Test_1" name="streamMap" time="0.139"/>
  <system-out/>
  <testcase classname="New_package.Test_1" name="demo" time="0.080"/>
  <system-out/>
</testsuite> <!-- New_package.Test_1 -->
